This is pdfTeX, Version 3.141592653-2.6-1.40.23 (TeX Live 2021/W32TeX) (preloaded format=pdflatex 2022.1.11)  18 APR 2023 22:51
entering extended mode
 restricted \write18 enabled.
 file:line:error style messages enabled.
 %&-line parsing enabled.
**d:/Documents_D/Mines/Cours/Master/Kernel/Project/rapport/rapport.tex
(d:/Documents_D/Mines/Cours/Master/Kernel/Project/rapport/rapport.tex
LaTeX2e <2021-11-15> patch level 1
L3 programming layer <2021-11-22> (c:/Program Files (x86)/texlive/2021/texmf-dist/tex/latex/ieeetran/IEEEtran.cls
Document Class: IEEEtran 2015/08/26 V1.8b by Michael Shell
-- See the "IEEEtran_HOWTO" manual for usage information.
-- http://www.michaelshell.org/tex/ieeetran/
\@IEEEtrantmpdimenA=\dimen138
\@IEEEtrantmpdimenB=\dimen139
\@IEEEtrantmpdimenC=\dimen140
\@IEEEtrantmpcountA=\count183
\@IEEEtrantmpcountB=\count184
\@IEEEtrantmpcountC=\count185
\@IEEEtrantmptoksA=\toks16
LaTeX Font Info:    Trying to load font information for OT1+ptm on input line 503.
(c:/Program Files (x86)/texlive/2021/texmf-dist/tex/latex/psnfss/ot1ptm.fd
File: ot1ptm.fd 2001/06/04 font definitions for OT1/ptm.
)
-- Using 8.5in x 11in (letter) paper.
-- Using PDF output.
\@IEEEnormalsizeunitybaselineskip=\dimen141
-- This is a 10 point document.
\CLASSINFOnormalsizebaselineskip=\dimen142
\CLASSINFOnormalsizeunitybaselineskip=\dimen143
\IEEEnormaljot=\dimen144
LaTeX Font Info:    Font shape `OT1/ptm/bx/n' in size <5> not available
(Font)              Font shape `OT1/ptm/b/n' tried instead on input line 1090.
LaTeX Font Info:    Font shape `OT1/ptm/bx/it' in size <5> not available
(Font)              Font shape `OT1/ptm/b/it' tried instead on input line 1090.
LaTeX Font Info:    Font shape `OT1/ptm/bx/n' in size <7> not available
(Font)              Font shape `OT1/ptm/b/n' tried instead on input line 1090.
LaTeX Font Info:    Font shape `OT1/ptm/bx/it' in size <7> not available
(Font)              Font shape `OT1/ptm/b/it' tried instead on input line 1090.
LaTeX Font Info:    Font shape `OT1/ptm/bx/n' in size <8> not available
(Font)              Font shape `OT1/ptm/b/n' tried instead on input line 1090.
LaTeX Font Info:    Font shape `OT1/ptm/bx/it' in size <8> not available
(Font)              Font shape `OT1/ptm/b/it' tried instead on input line 1090.
LaTeX Font Info:    Font shape `OT1/ptm/bx/n' in size <9> not available
(Font)              Font shape `OT1/ptm/b/n' tried instead on input line 1090.
LaTeX Font Info:    Font shape `OT1/ptm/bx/it' in size <9> not available
(Font)              Font shape `OT1/ptm/b/it' tried instead on input line 1090.
LaTeX Font Info:    Font shape `OT1/ptm/bx/n' in size <10> not available
(Font)              Font shape `OT1/ptm/b/n' tried instead on input line 1090.
LaTeX Font Info:    Font shape `OT1/ptm/bx/it' in size <10> not available
(Font)              Font shape `OT1/ptm/b/it' tried instead on input line 1090.
LaTeX Font Info:    Font shape `OT1/ptm/bx/n' in size <11> not available
(Font)              Font shape `OT1/ptm/b/n' tried instead on input line 1090.
LaTeX Font Info:    Font shape `OT1/ptm/bx/it' in size <11> not available
(Font)              Font shape `OT1/ptm/b/it' tried instead on input line 1090.
LaTeX Font Info:    Font shape `OT1/ptm/bx/n' in size <12> not available
(Font)              Font shape `OT1/ptm/b/n' tried instead on input line 1090.
LaTeX Font Info:    Font shape `OT1/ptm/bx/it' in size <12> not available
(Font)              Font shape `OT1/ptm/b/it' tried instead on input line 1090.
LaTeX Font Info:    Font shape `OT1/ptm/bx/n' in size <17> not available
(Font)              Font shape `OT1/ptm/b/n' tried instead on input line 1090.
LaTeX Font Info:    Font shape `OT1/ptm/bx/it' in size <17> not available
(Font)              Font shape `OT1/ptm/b/it' tried instead on input line 1090.
LaTeX Font Info:    Font shape `OT1/ptm/bx/n' in size <20> not available
(Font)              Font shape `OT1/ptm/b/n' tried instead on input line 1090.
LaTeX Font Info:    Font shape `OT1/ptm/bx/it' in size <20> not available
(Font)              Font shape `OT1/ptm/b/it' tried instead on input line 1090.
LaTeX Font Info:    Font shape `OT1/ptm/bx/n' in size <24> not available
(Font)              Font shape `OT1/ptm/b/n' tried instead on input line 1090.
LaTeX Font Info:    Font shape `OT1/ptm/bx/it' in size <24> not available
(Font)              Font shape `OT1/ptm/b/it' tried instead on input line 1090.
\IEEEquantizedlength=\dimen145
\IEEEquantizedlengthdiff=\dimen146
\IEEEquantizedtextheightdiff=\dimen147
\IEEEilabelindentA=\dimen148
\IEEEilabelindentB=\dimen149
\IEEEilabelindent=\dimen150
\IEEEelabelindent=\dimen151
\IEEEdlabelindent=\dimen152
\IEEElabelindent=\dimen153
\IEEEiednormlabelsep=\dimen154
\IEEEiedmathlabelsep=\dimen155
\IEEEiedtopsep=\skip47
\c@section=\count186
\c@subsection=\count187
\c@subsubsection=\count188
\c@paragraph=\count189
\c@IEEEsubequation=\count190
\abovecaptionskip=\skip48
\belowcaptionskip=\skip49
\c@figure=\count191
\c@table=\count192
\@IEEEeqnnumcols=\count193
\@IEEEeqncolcnt=\count194
\@IEEEsubeqnnumrollback=\count195
\@IEEEquantizeheightA=\dimen156
\@IEEEquantizeheightB=\dimen157
\@IEEEquantizeheightC=\dimen158
\@IEEEquantizeprevdepth=\dimen159
\@IEEEquantizemultiple=\count196
\@IEEEquantizeboxA=\box50
\@IEEEtmpitemindent=\dimen160
\IEEEPARstartletwidth=\dimen161
\c@IEEEbiography=\count197
\@IEEEtranrubishbin=\box51
) (c:/Program Files (x86)/texlive/2021/texmf-dist/tex/latex/graphics/graphicx.sty
Package: graphicx 2021/09/16 v1.2d Enhanced LaTeX Graphics (DPC,SPQR)
 (c:/Program Files (x86)/texlive/2021/texmf-dist/tex/latex/graphics/keyval.sty
Package: keyval 2014/10/28 v1.15 key=value parser (DPC)
\KV@toks@=\toks17
) (c:/Program Files (x86)/texlive/2021/texmf-dist/tex/latex/graphics/graphics.sty
Package: graphics 2021/03/04 v1.4d Standard LaTeX Graphics (DPC,SPQR)
 (c:/Program Files (x86)/texlive/2021/texmf-dist/tex/latex/graphics/trig.sty
Package: trig 2021/08/11 v1.11 sin cos tan (DPC)
) (c:/Program Files (x86)/texlive/2021/texmf-dist/tex/latex/graphics-cfg/graphics.cfg
File: graphics.cfg 2016/06/04 v1.11 sample graphics configuration
)
Package graphics Info: Driver file: pdftex.def on input line 107.
 (c:/Program Files (x86)/texlive/2021/texmf-dist/tex/latex/graphics-def/pdftex.def
File: pdftex.def 2020/10/05 v1.2a Graphics/color driver for pdftex
))
\Gin@req@height=\dimen162
\Gin@req@width=\dimen163
) (c:/Program Files (x86)/texlive/2021/texmf-dist/tex/latex/hyperref/hyperref.sty
Package: hyperref 2021-06-07 v7.00m Hypertext links for LaTeX
 (c:/Program Files (x86)/texlive/2021/texmf-dist/tex/generic/ltxcmds/ltxcmds.sty
Package: ltxcmds 2020-05-10 v1.25 LaTeX kernel commands for general use (HO)
) (c:/Program Files (x86)/texlive/2021/texmf-dist/tex/generic/iftex/iftex.sty
Package: iftex 2020/03/06 v1.0d TeX engine tests
) (c:/Program Files (x86)/texlive/2021/texmf-dist/tex/generic/pdftexcmds/pdftexcmds.sty
Package: pdftexcmds 2020-06-27 v0.33 Utility functions of pdfTeX for LuaTeX (HO)
 (c:/Program Files (x86)/texlive/2021/texmf-dist/tex/generic/infwarerr/infwarerr.sty
Package: infwarerr 2019/12/03 v1.5 Providing info/warning/error messages (HO)
)
Package pdftexcmds Info: \pdf@primitive is available.
Package pdftexcmds Info: \pdf@ifprimitive is available.
Package pdftexcmds Info: \pdfdraftmode found.
) (c:/Program Files (x86)/texlive/2021/texmf-dist/tex/generic/kvsetkeys/kvsetkeys.sty
Package: kvsetkeys 2019/12/15 v1.18 Key value parser (HO)
) (c:/Program Files (x86)/texlive/2021/texmf-dist/tex/generic/kvdefinekeys/kvdefinekeys.sty
Package: kvdefinekeys 2019-12-19 v1.6 Define keys (HO)
) (c:/Program Files (x86)/texlive/2021/texmf-dist/tex/generic/pdfescape/pdfescape.sty
Package: pdfescape 2019/12/09 v1.15 Implements pdfTeX's escape features (HO)
) (c:/Program Files (x86)/texlive/2021/texmf-dist/tex/latex/hycolor/hycolor.sty
Package: hycolor 2020-01-27 v1.10 Color options for hyperref/bookmark (HO)
) (c:/Program Files (x86)/texlive/2021/texmf-dist/tex/latex/letltxmacro/letltxmacro.sty
Package: letltxmacro 2019/12/03 v1.6 Let assignment for LaTeX macros (HO)
) (c:/Program Files (x86)/texlive/2021/texmf-dist/tex/latex/auxhook/auxhook.sty
Package: auxhook 2019-12-17 v1.6 Hooks for auxiliary files (HO)
) (c:/Program Files (x86)/texlive/2021/texmf-dist/tex/latex/kvoptions/kvoptions.sty
Package: kvoptions 2020-10-07 v3.14 Key value format for package options (HO)
)
\@linkdim=\dimen164
\Hy@linkcounter=\count198
\Hy@pagecounter=\count199
 (c:/Program Files (x86)/texlive/2021/texmf-dist/tex/latex/hyperref/pd1enc.def
File: pd1enc.def 2021-06-07 v7.00m Hyperref: PDFDocEncoding definition (HO)
Now handling font encoding PD1 ...
... no UTF-8 mapping file for font encoding PD1
) (c:/Program Files (x86)/texlive/2021/texmf-dist/tex/latex/hyperref/hyperref-langpatches.def
File: hyperref-langpatches.def 2021-06-07 v7.00m Hyperref: patches for babel languages
) (c:/Program Files (x86)/texlive/2021/texmf-dist/tex/generic/intcalc/intcalc.sty
Package: intcalc 2019/12/15 v1.3 Expandable calculations with integers (HO)
) (c:/Program Files (x86)/texlive/2021/texmf-dist/tex/generic/etexcmds/etexcmds.sty
Package: etexcmds 2019/12/15 v1.7 Avoid name clashes with e-TeX commands (HO)
)
\Hy@SavedSpaceFactor=\count266
 (c:/Program Files (x86)/texlive/2021/texmf-dist/tex/latex/hyperref/puenc.def
File: puenc.def 2021-06-07 v7.00m Hyperref: PDF Unicode definition (HO)
Now handling font encoding PU ...
... no UTF-8 mapping file for font encoding PU
)
Package hyperref Info: Hyper figures OFF on input line 4192.
Package hyperref Info: Link nesting OFF on input line 4197.
Package hyperref Info: Hyper index ON on input line 4200.
Package hyperref Info: Plain pages OFF on input line 4207.
Package hyperref Info: Backreferencing OFF on input line 4212.
Package hyperref Info: Implicit mode ON; LaTeX internals redefined.
Package hyperref Info: Bookmarks ON on input line 4445.
\c@Hy@tempcnt=\count267
 (c:/Program Files (x86)/texlive/2021/texmf-dist/tex/latex/url/url.sty
\Urlmuskip=\muskip16
Package: url 2013/09/16  ver 3.4  Verb mode for urls, etc.
)
LaTeX Info: Redefining \url on input line 4804.
\XeTeXLinkMargin=\dimen165
 (c:/Program Files (x86)/texlive/2021/texmf-dist/tex/generic/bitset/bitset.sty
Package: bitset 2019/12/09 v1.3 Handle bit-vector datatype (HO)
 (c:/Program Files (x86)/texlive/2021/texmf-dist/tex/generic/bigintcalc/bigintcalc.sty
Package: bigintcalc 2019/12/15 v1.5 Expandable calculations on big integers (HO)
))
\Fld@menulength=\count268
\Field@Width=\dimen166
\Fld@charsize=\dimen167
Package hyperref Info: Hyper figures OFF on input line 6076.
Package hyperref Info: Link nesting OFF on input line 6081.
Package hyperref Info: Hyper index ON on input line 6084.
Package hyperref Info: backreferencing OFF on input line 6091.
Package hyperref Info: Link coloring OFF on input line 6096.
Package hyperref Info: Link coloring with OCG OFF on input line 6101.
Package hyperref Info: PDF/A mode OFF on input line 6106.
LaTeX Info: Redefining \ref on input line 6146.
LaTeX Info: Redefining \pageref on input line 6150.
 (c:/Program Files (x86)/texlive/2021/texmf-dist/tex/latex/base/atbegshi-ltx.sty
Package: atbegshi-ltx 2021/01/10 v1.0c Emulation of the original atbegshi
package with kernel methods
)
\Hy@abspage=\count269
\c@Item=\count270
\c@Hfootnote=\count271
)
Package hyperref Info: Driver (autodetected): hpdftex.
 (c:/Program Files (x86)/texlive/2021/texmf-dist/tex/latex/hyperref/hpdftex.def
File: hpdftex.def 2021-06-07 v7.00m Hyperref driver for pdfTeX
 (c:/Program Files (x86)/texlive/2021/texmf-dist/tex/latex/base/atveryend-ltx.sty
Package: atveryend-ltx 2020/08/19 v1.0a Emulation of the original atveryend package
with kernel methods
)
\Fld@listcount=\count272
\c@bookmark@seq@number=\count273
 (c:/Program Files (x86)/texlive/2021/texmf-dist/tex/latex/rerunfilecheck/rerunfilecheck.sty
Package: rerunfilecheck 2019/12/05 v1.9 Rerun checks for auxiliary files (HO)
 (c:/Program Files (x86)/texlive/2021/texmf-dist/tex/generic/uniquecounter/uniquecounter.sty
Package: uniquecounter 2019/12/15 v1.4 Provide unlimited unique counter (HO)
)
Package uniquecounter Info: New unique counter `rerunfilecheck' on input line 286.
)
\Hy@SectionHShift=\skip50
) (c:/Program Files (x86)/texlive/2021/texmf-dist/tex/latex/amsmath/amsmath.sty
Package: amsmath 2021/10/15 v2.17l AMS math features
\@mathmargin=\skip51

For additional information on amsmath, use the `?' option.
(c:/Program Files (x86)/texlive/2021/texmf-dist/tex/latex/amsmath/amstext.sty
Package: amstext 2021/08/26 v2.01 AMS text
 (c:/Program Files (x86)/texlive/2021/texmf-dist/tex/latex/amsmath/amsgen.sty
File: amsgen.sty 1999/11/30 v2.0 generic functions
\@emptytoks=\toks18
\ex@=\dimen168
)) (c:/Program Files (x86)/texlive/2021/texmf-dist/tex/latex/amsmath/amsbsy.sty
Package: amsbsy 1999/11/29 v1.2d Bold Symbols
\pmbraise@=\dimen169
) (c:/Program Files (x86)/texlive/2021/texmf-dist/tex/latex/amsmath/amsopn.sty
Package: amsopn 2021/08/26 v2.02 operator names
)
\inf@bad=\count274
LaTeX Info: Redefining \frac on input line 234.
\uproot@=\count275
\leftroot@=\count276
LaTeX Info: Redefining \overline on input line 399.
\classnum@=\count277
\DOTSCASE@=\count278
LaTeX Info: Redefining \ldots on input line 496.
LaTeX Info: Redefining \dots on input line 499.
LaTeX Info: Redefining \cdots on input line 620.
\Mathstrutbox@=\box52
\strutbox@=\box53
\big@size=\dimen170
LaTeX Font Info:    Redeclaring font encoding OML on input line 743.
LaTeX Font Info:    Redeclaring font encoding OMS on input line 744.
\macc@depth=\count279
\c@MaxMatrixCols=\count280
\dotsspace@=\muskip17
\c@parentequation=\count281
\dspbrk@lvl=\count282
\tag@help=\toks19
\row@=\count283
\column@=\count284
\maxfields@=\count285
\andhelp@=\toks20
\eqnshift@=\dimen171
\alignsep@=\dimen172
\tagshift@=\dimen173
\tagwidth@=\dimen174
\totwidth@=\dimen175
\lineht@=\dimen176
\@envbody=\toks21
\multlinegap=\skip52
\multlinetaggap=\skip53
\mathdisplay@stack=\toks22
LaTeX Info: Redefining \[ on input line 2938.
LaTeX Info: Redefining \] on input line 2939.
) (c:/Program Files (x86)/texlive/2021/texmf-dist/tex/latex/cite/cite.sty
LaTeX Info: Redefining \cite on input line 302.
LaTeX Info: Redefining \nocite on input line 332.
Package: cite 2015/02/27  v 5.5
) (c:/Program Files (x86)/texlive/2021/texmf-dist/tex/latex/booktabs/booktabs.sty
Package: booktabs 2020/01/12 v1.61803398 Publication quality tables
\heavyrulewidth=\dimen177
\lightrulewidth=\dimen178
\cmidrulewidth=\dimen179
\belowrulesep=\dimen180
\belowbottomsep=\dimen181
\aboverulesep=\dimen182
\abovetopsep=\dimen183
\cmidrulesep=\dimen184
\cmidrulekern=\dimen185
\defaultaddspace=\dimen186
\@cmidla=\count286
\@cmidlb=\count287
\@aboverulesep=\dimen187
\@belowrulesep=\dimen188
\@thisruleclass=\count288
\@lastruleclass=\count289
\@thisrulewidth=\dimen189
) (c:/Program Files (x86)/texlive/2021/texmf-dist/tex/latex/caption/caption.sty
Package: caption 2020/10/26 v3.5g Customizing captions (AR)
 (c:/Program Files (x86)/texlive/2021/texmf-dist/tex/latex/caption/caption3.sty
Package: caption3 2020/10/21 v2.2e caption3 kernel (AR)
\captionmargin=\dimen190
\captionmargin@=\dimen191
\captionwidth=\dimen192
\caption@tempdima=\dimen193
\caption@indent=\dimen194
\caption@parindent=\dimen195
\caption@hangindent=\dimen196
Package caption Info: Unknown document class (or package),
(caption)             standard defaults will be used.
Package caption Info: \@makecaption = \long macro:#1#2->\ifx \@captype \@IEEEtablestring \footnotesize \bgroup \par \centering \@IEEEtabletopskipstrut {\normalfont \footnotesize #1}\\{\normalfont \footnotesize \scshape #2}\par \addvspace {0.5\baselineskip }\egroup \@IEEEtablecaptionsepspace \else \@IEEEfigurecaptionsepspace \setbox \@tempboxa \hbox {\normalfont \footnotesize {#1.}\nobreakspace \nobreakspace #2}\ifdim \wd \@tempboxa >\hsize \setbox \@tempboxa \hbox {\normalfont \footnotesize {#1.}\nobreakspace \nobreakspace }\parbox [t]{\hsize }{\normalfont \footnotesize \noindent \unhbox \@tempboxa #2}\else \ifCLASSOPTIONconference \hbox to\hsize {\normalfont \footnotesize \hfil \box \@tempboxa \hfil }\else \hbox to\hsize {\normalfont \footnotesize \box \@tempboxa \hfil }\fi \fi \fi  on input line 1139.
)

Package caption Warning: Unknown document class (or package),
(caption)                standard defaults will be used.
See the caption package documentation for explanation.

\c@caption@flags=\count290
\c@continuedfloat=\count291
Package caption Info: hyperref package is loaded.
) (c:/Program Files (x86)/texlive/2021/texmf-dist/tex/latex/amsfonts/amsfonts.sty
Package: amsfonts 2013/01/14 v3.01 Basic AMSFonts support
\symAMSa=\mathgroup4
\symAMSb=\mathgroup5
LaTeX Font Info:    Redeclaring math symbol \hbar on input line 98.
LaTeX Font Info:    Overwriting math alphabet `\mathfrak' in version `bold'
(Font)                  U/euf/m/n --> U/euf/b/n on input line 106.
) (c:/Program Files (x86)/texlive/2021/texmf-dist/tex/latex/listings/listings.sty
\lst@mode=\count292
\lst@gtempboxa=\box54
\lst@token=\toks23
\lst@length=\count293
\lst@currlwidth=\dimen197
\lst@column=\count294
\lst@pos=\count295
\lst@lostspace=\dimen198
\lst@width=\dimen199
\lst@newlines=\count296
\lst@lineno=\count297
\lst@maxwidth=\dimen256
 (c:/Program Files (x86)/texlive/2021/texmf-dist/tex/latex/listings/lstmisc.sty
File: lstmisc.sty 2020/03/24 1.8d (Carsten Heinz)
\c@lstnumber=\count298
\lst@skipnumbers=\count299
\lst@framebox=\box55
) (c:/Program Files (x86)/texlive/2021/texmf-dist/tex/latex/listings/listings.cfg
File: listings.cfg 2020/03/24 1.8d listings configuration
))
Package: listings 2020/03/24 1.8d (Carsten Heinz)
 (c:/Program Files (x86)/texlive/2021/texmf-dist/tex/latex/tools/array.sty
Package: array 2021/10/04 v2.5f Tabular extension package (FMi)
\col@sep=\dimen257
\ar@mcellbox=\box56
\extrarowheight=\dimen258
\NC@list=\toks24
\extratabsurround=\skip54
\backup@length=\skip55
\ar@cellbox=\box57
) (c:/Program Files (x86)/texlive/2021/texmf-dist/tex/latex/mathtools/mathtools.sty
Package: mathtools 2021/04/12 v1.27 mathematical typesetting tools
 (c:/Program Files (x86)/texlive/2021/texmf-dist/tex/latex/tools/calc.sty
Package: calc 2017/05/25 v4.3 Infix arithmetic (KKT,FJ)
\calc@Acount=\count300
\calc@Bcount=\count301
\calc@Adimen=\dimen259
\calc@Bdimen=\dimen260
\calc@Askip=\skip56
\calc@Bskip=\skip57
LaTeX Info: Redefining \setlength on input line 80.
LaTeX Info: Redefining \addtolength on input line 81.
\calc@Ccount=\count302
\calc@Cskip=\skip58
) (c:/Program Files (x86)/texlive/2021/texmf-dist/tex/latex/mathtools/mhsetup.sty
Package: mhsetup 2021/03/18 v1.4 programming setup (MH)
)
LaTeX Info: Thecontrolsequence`\('isalreadyrobust on input line 130.
LaTeX Info: Thecontrolsequence`\)'isalreadyrobust on input line 130.
LaTeX Info: Thecontrolsequence`\['isalreadyrobust on input line 130.
LaTeX Info: Thecontrolsequence`\]'isalreadyrobust on input line 130.
\g_MT_multlinerow_int=\count303
\l_MT_multwidth_dim=\dimen261
\origjot=\skip59
\l_MT_shortvdotswithinadjustabove_dim=\dimen262
\l_MT_shortvdotswithinadjustbelow_dim=\dimen263
\l_MT_above_intertext_sep=\dimen264
\l_MT_below_intertext_sep=\dimen265
\l_MT_above_shortintertext_sep=\dimen266
\l_MT_below_shortintertext_sep=\dimen267
\xmathstrut@box=\box58
\xmathstrut@dim=\dimen268
)
Package caption Info: Option `declare type' requires the `newfloat' package on input line 13.
 (c:/Program Files (x86)/texlive/2021/texmf-dist/tex/latex/newfloat/newfloat.sty
Package: newfloat 2019/09/02 v1.1l Defining new floating environments (AR)
)
Package newfloat Info: New float `equ' with options `' on input line 13.
\c@equ=\count304
\newfloat@ftype=\count305
Package newfloat Info: float type `equ'=8 on input line 13.
 (c:/Program Files (x86)/texlive/2021/texmf-dist/tex/latex/l3backend/l3backend-pdftex.def
File: l3backend-pdftex.def 2021-12-14 L3 backend support: PDF output (pdfTeX)
\l__color_backend_stack_int=\count306
\l__pdf_internal_box=\box59
) (./rapport.aux)
\openout1 = `rapport.aux'.

LaTeX Font Info:    Checking defaults for OML/cmm/m/it on input line 39.
LaTeX Font Info:    ... okay on input line 39.
LaTeX Font Info:    Checking defaults for OMS/cmsy/m/n on input line 39.
LaTeX Font Info:    ... okay on input line 39.
LaTeX Font Info:    Checking defaults for OT1/cmr/m/n on input line 39.
LaTeX Font Info:    ... okay on input line 39.
LaTeX Font Info:    Checking defaults for T1/cmr/m/n on input line 39.
LaTeX Font Info:    ... okay on input line 39.
LaTeX Font Info:    Checking defaults for TS1/cmr/m/n on input line 39.
LaTeX Font Info:    ... okay on input line 39.
LaTeX Font Info:    Checking defaults for OMX/cmex/m/n on input line 39.
LaTeX Font Info:    ... okay on input line 39.
LaTeX Font Info:    Checking defaults for U/cmr/m/n on input line 39.
LaTeX Font Info:    ... okay on input line 39.
LaTeX Font Info:    Checking defaults for PD1/pdf/m/n on input line 39.
LaTeX Font Info:    ... okay on input line 39.
LaTeX Font Info:    Checking defaults for PU/pdf/m/n on input line 39.
LaTeX Font Info:    ... okay on input line 39.

-- Lines per column: 58 (exact).
(c:/Program Files (x86)/texlive/2021/texmf-dist/tex/context/base/mkii/supp-pdf.mkii
[Loading MPS to PDF converter (version 2006.09.02).]
\scratchcounter=\count307
\scratchdimen=\dimen269
\scratchbox=\box60
\nofMPsegments=\count308
\nofMParguments=\count309
\everyMPshowfont=\toks25
\MPscratchCnt=\count310
\MPscratchDim=\dimen270
\MPnumerator=\count311
\makeMPintoPDFobject=\count312
\everyMPtoPDFconversion=\toks26
) (c:/Program Files (x86)/texlive/2021/texmf-dist/tex/latex/epstopdf-pkg/epstopdf-base.sty
Package: epstopdf-base 2020-01-24 v2.11 Base part for package epstopdf
Package epstopdf-base Info: Redefining graphics rule for `.eps' on input line 485.
 (c:/Program Files (x86)/texlive/2021/texmf-dist/tex/latex/latexconfig/epstopdf-sys.cfg
File: epstopdf-sys.cfg 2010/07/13 v1.3 Configuration of (r)epstopdf for TeX Live
))
Package hyperref Info: Link coloring OFF on input line 39.
 (c:/Program Files (x86)/texlive/2021/texmf-dist/tex/latex/hyperref/nameref.sty
Package: nameref 2021-04-02 v2.47 Cross-referencing by name of section
 (c:/Program Files (x86)/texlive/2021/texmf-dist/tex/latex/refcount/refcount.sty
Package: refcount 2019/12/15 v3.6 Data extraction from label references (HO)
) (c:/Program Files (x86)/texlive/2021/texmf-dist/tex/generic/gettitlestring/gettitlestring.sty
Package: gettitlestring 2019/12/15 v1.6 Cleanup title references (HO)
)
\c@section@level=\count313
)
LaTeX Info: Redefining \ref on input line 39.
LaTeX Info: Redefining \pageref on input line 39.
LaTeX Info: Redefining \nameref on input line 39.
 (./rapport.out) (./rapport.out)
\@outlinefile=\write3
\openout3 = `rapport.out'.

Package caption Info: Begin \AtBeginDocument code.
Package caption Info: listings package is loaded.
Package caption Info: End \AtBeginDocument code.
\c@lstlisting=\count314
LaTeX Font Info:    Trying to load font information for OMS+ptm on input line 41.
 (c:/Program Files (x86)/texlive/2021/texmf-dist/tex/latex/psnfss/omsptm.fd
File: omsptm.fd 
)
LaTeX Font Info:    Font shape `OMS/ptm/m/n' in size <11> not available
(Font)              Font shape `OMS/cmsy/m/n' tried instead on input line 41.
LaTeX Font Info:    Trying to load font information for OT1+pcr on input line 56.
 (c:/Program Files (x86)/texlive/2021/texmf-dist/tex/latex/psnfss/ot1pcr.fd
File: ot1pcr.fd 2001/06/04 font definitions for OT1/pcr.
)
LaTeX Font Info:    Trying to load font information for U+msa on input line 82.
 (c:/Program Files (x86)/texlive/2021/texmf-dist/tex/latex/amsfonts/umsa.fd
File: umsa.fd 2013/01/14 v3.01 AMS symbols A
)
LaTeX Font Info:    Trying to load font information for U+msb on input line 82.
 (c:/Program Files (x86)/texlive/2021/texmf-dist/tex/latex/amsfonts/umsb.fd
File: umsb.fd 2013/01/14 v3.01 AMS symbols B
) [1{c:/Program Files (x86)/texlive/2021/texmf-var/fonts/map/pdftex/updmap/pdftex.map}


]
Underfull \hbox (badness 2376) in paragraph at lines 159--160
[]\OT1/ptm/m/n/10 Some ker-nels (es-pe-cially the Gen-er-al-ized Wasser-stein
 []


Underfull \hbox (badness 10000) in paragraph at lines 162--163
[]\OT1/ptm/m/n/10 Our com-plete project is pub-lished on GitHub
 []


Underfull \hbox (badness 10000) in paragraph at lines 162--163
\OT1/ptm/m/n/10 and can be ac-cessed at []$https : / / github . com / RSLLES /
 []

[2]
<wl_process.jpg, id=147, 714.67pt x 647.41875pt>
File: wl_process.jpg Graphic file (type jpg)
<use wl_process.jpg>
Package pdftex.def Info: wl_process.jpg  used on input line 224.
(pdftex.def)             Requested size: 252.0pt x 228.28923pt.


LaTeX Warning: `h' float specifier changed to `ht'.

[3 <./wl_process.jpg>] [4]
Underfull \hbox (badness 10000) in paragraph at lines 487--487
 \OT1/ptm/m/it/10 F. Gen-er-al-ized Wasser-stein Weisfeiler-Lehman Ker-nels
 []

<wwl_unfolding_trees.jpg, id=180, 704.6325pt x 217.81375pt>
File: wwl_unfolding_trees.jpg Graphic file (type jpg)
<use wwl_unfolding_trees.jpg>
Package pdftex.def Info: wwl_unfolding_trees.jpg  used on input line 496.
(pdftex.def)             Requested size: 252.0pt x 77.89772pt.
[5 <./wwl_unfolding_trees.jpg>]

LaTeX Warning: `h' float specifier changed to `ht'.

<correlation.png, id=194, 437.2335pt x 352.6776pt>
File: correlation.png Graphic file (type png)
<use correlation.png>
Package pdftex.def Info: correlation.png  used on input line 576.
(pdftex.def)             Requested size: 252.0pt x 203.27237pt.

Underfull \hbox (badness 2653) in paragraph at lines 581--584
[]\OT1/ptm/m/n/10 First and most im-por-tantly, our av-er-age over cross-
 []

[6 <./correlation.png>]
<corr_matrix.png, id=208, 722.7pt x 578.16pt>
File: corr_matrix.png Graphic file (type png)
<use corr_matrix.png>
Package pdftex.def Info: corr_matrix.png  used on input line 611.
(pdftex.def)             Requested size: 252.0pt x 201.60033pt.
 (./rapport.bbl)
** WARNING: Ignoring useless \section in Appendix (line 655).
[7 <./corr_matrix.png>] [8] (./rapport.aux)
Package rerunfilecheck Info: File `rapport.out' has not changed.
(rerunfilecheck)             Checksum: ED988E99583A0CBC9A83F24D9D0DED81;3723.
 ) 
Here is how much of TeX's memory you used:
 13818 strings out of 478353
 226566 string characters out of 5842047
 559842 words of memory out of 5000000
 31692 multiletter control sequences out of 15000+600000
 439486 words of font info for 99 fonts, out of 8000000 for 9000
 1141 hyphenation exceptions out of 8191
 60i,21n,63p,833b,1167s stack positions out of 5000i,500n,10000p,200000b,80000s
{c:/Program Files (x86)/texlive/2021/texmf-dist/fonts/enc/dvips/base/8r.enc}<c:/Program Files (x86)/texlive/2021/texmf-dist/fonts/type1/public/amsfonts/cm/cmex10.pfb><c:/Program Files (x86)/texlive/2021/texmf-dist/fonts/type1/public/amsfonts/cm/cmmi10.pfb><c:/Program Files (x86)/texlive/2021/texmf-dist/fonts/type1/public/amsfonts/cm/cmmi5.pfb><c:/Program Files (x86)/texlive/2021/texmf-dist/fonts/type1/public/amsfonts/cm/cmmi7.pfb><c:/Program Files (x86)/texlive/2021/texmf-dist/fonts/type1/public/amsfonts/cm/cmr10.pfb><c:/Program Files (x86)/texlive/2021/texmf-dist/fonts/type1/public/amsfonts/cm/cmr5.pfb><c:/Program Files (x86)/texlive/2021/texmf-dist/fonts/type1/public/amsfonts/cm/cmr7.pfb><c:/Program Files (x86)/texlive/2021/texmf-dist/fonts/type1/public/amsfonts/cm/cmsy10.pfb><c:/Program Files (x86)/texlive/2021/texmf-dist/fonts/type1/public/amsfonts/cm/cmsy7.pfb><c:/Program Files (x86)/texlive/2021/texmf-dist/fonts/type1/public/amsfonts/symbols/msbm10.pfb><c:/Program Files (x86)/texlive/2021/texmf-dist/fonts/type1/urw/courier/ucrr8a.pfb><c:/Program Files (x86)/texlive/2021/texmf-dist/fonts/type1/urw/times/utmb8a.pfb><c:/Program Files (x86)/texlive/2021/texmf-dist/fonts/type1/urw/times/utmr8a.pfb><c:/Program Files (x86)/texlive/2021/texmf-dist/fonts/type1/urw/times/utmri8a.pfb>
Output written on rapport.pdf (8 pages, 717133 bytes).
PDF statistics:
 311 PDF objects out of 1000 (max. 8388607)
 262 compressed objects within 3 object streams
 79 named destinations out of 1000 (max. 500000)
 197 words of extra memory for PDF output out of 10000 (max. 10000000)

