\BOOKMARK [1][-]{section.1}{\376\377\000T\000h\000e\000\040\000C\000h\000a\000l\000l\000e\000n\000g\000e}{}% 1
\BOOKMARK [1][-]{section.2}{\376\377\000P\000i\000p\000e\000l\000i\000n\000e}{}% 2
\BOOKMARK [2][-]{subsection.2.1}{\376\377\000S\000t\000r\000u\000c\000t\000u\000r\000e}{section.2}% 3
\BOOKMARK [2][-]{subsection.2.2}{\376\377\000C\000o\000m\000p\000a\000r\000i\000n\000g\000\040\000d\000i\000f\000f\000e\000r\000e\000n\000t\000\040\000s\000o\000l\000u\000t\000i\000o\000n\000s}{section.2}% 4
\BOOKMARK [2][-]{subsection.2.3}{\376\377\000O\000p\000t\000i\000m\000i\000z\000i\000n\000g\000\040\000a\000\040\000s\000o\000l\000u\000t\000i\000o\000n}{section.2}% 5
\BOOKMARK [2][-]{subsection.2.4}{\376\377\000F\000a\000s\000t\000e\000r\000\040\000I\000n\000f\000e\000r\000e\000n\000c\000e}{section.2}% 6
\BOOKMARK [2][-]{subsection.2.5}{\376\377\000O\000u\000r\000\040\000c\000o\000d\000e}{section.2}% 7
\BOOKMARK [1][-]{section.3}{\376\377\000S\000u\000p\000p\000o\000r\000t\000\040\000V\000e\000c\000t\000o\000r\000\040\000C\000l\000a\000s\000s\000i\000f\000i\000e\000r\000\040\000\050\000S\000V\000C\000\051}{}% 8
\BOOKMARK [1][-]{section.4}{\376\377\000K\000e\000r\000n\000e\000l\000s}{}% 9
\BOOKMARK [2][-]{subsection.4.1}{\376\377\000W\000e\000i\000s\000f\000e\000i\000l\000e\000r\000-\000L\000e\000h\000m\000a\000n\000\040\000\050\000W\000L\000\051}{section.4}% 10
\BOOKMARK [2][-]{subsection.4.2}{\376\377\000W\000e\000i\000s\000f\000e\000i\000l\000e\000r\000-\000L\000e\000h\000m\000a\000n\000-\000e\000d\000g\000e\000s}{section.4}% 11
\BOOKMARK [2][-]{subsection.4.3}{\376\377\000W\000e\000i\000s\000f\000e\000i\000l\000e\000r\000-\000L\000e\000h\000m\000a\000n\000\040\000v\000a\000r\000i\000a\000n\000t\000s}{section.4}% 12
\BOOKMARK [2][-]{subsection.4.4}{\376\377\000J\000e\000n\000s\000e\000n\000-\000S\000h\000a\000n\000n\000o\000n\000\040\000W\000e\000i\000s\000f\000e\000i\000l\000e\000r\000-\000L\000e\000h\000m\000a\000n\000\040\000K\000e\000r\000n\000e\000l\000\040\000\050\000J\000S\000W\000L\000\051}{section.4}% 13
\BOOKMARK [2][-]{subsection.4.5}{\376\377\000W\000a\000s\000s\000e\000r\000s\000t\000e\000i\000n\000\040\000W\000e\000i\000s\000f\000e\000i\000l\000e\000r\000-\000L\000e\000h\000m\000a\000n\000\040\000K\000e\000r\000n\000e\000l\000s\000\040\000\050\000W\000W\000L\000\051}{section.4}% 14
\BOOKMARK [2][-]{subsection.4.6}{\376\377\000G\000e\000n\000e\000r\000a\000l\000i\000z\000e\000d\000\040\000W\000a\000s\000s\000e\000r\000s\000t\000e\000i\000n\000\040\000W\000e\000i\000s\000f\000e\000i\000l\000e\000r\000-\000L\000e\000h\000m\000a\000n\000\040\000K\000e\000r\000n\000e\000l\000s\000\040\000\050\000G\000W\000W\000L\000\051}{section.4}% 15
\BOOKMARK [1][-]{section.5}{\376\377\000R\000e\000s\000u\000l\000t\000s\000\040\000a\000n\000d\000\040\000d\000i\000s\000c\000u\000s\000s\000i\000o\000n\000s}{}% 16
\BOOKMARK [2][-]{subsection.5.1}{\376\377\000S\000u\000m\000m\000a\000r\000y}{section.5}% 17
\BOOKMARK [2][-]{subsection.5.2}{\376\377\000O\000n\000\040\000t\000h\000e\000\040\000r\000e\000l\000a\000t\000i\000v\000e\000\040\000i\000m\000p\000o\000r\000t\000a\000n\000c\000e\000\040\000o\000f\000\040\000m\000e\000t\000r\000i\000c\000s}{section.5}% 18
\BOOKMARK [2][-]{subsection.5.3}{\376\377\000O\000n\000\040\000t\000h\000e\000\040\000c\000o\000r\000r\000e\000l\000a\000t\000i\000o\000n\000\040\000b\000e\000t\000w\000e\000e\000n\000\040\000k\000e\000r\000n\000e\000l\000s}{section.5}% 19
\BOOKMARK [1][-]{section.6}{\376\377\000C\000o\000n\000c\000l\000u\000s\000i\000o\000n}{}% 20
\BOOKMARK [1][-]{section*.14}{\376\377\000R\000e\000f\000e\000r\000e\000n\000c\000e\000s}{}% 21
\BOOKMARK [1][-]{section*.15}{\376\377\000A\000p\000p\000e\000n\000d\000i\000x}{}% 22
